[05-Apr-2026 16:12:04 Asia/Kolkata] PHP Fatal error:  Maximum execution time of 600 seconds exceeded in C:\xampp\htdocs\console\Console\Accounts\vendor\dompdf\dompdf\lib\Cpdf.php on line 6155
[05-Apr-2026 16:17:07 Asia/Kolkata] PHP Fatal error:  Maximum execution time of 600 seconds exceeded in C:\xampp\htdocs\console\Console\Accounts\vendor\dompdf\dompdf\lib\Cpdf.php on line 6154
[22-Apr-2026 19:38:22 Asia/Kolkata] PHP Fatal error:  Uncaught Error: Call to undefined function numberToWords() in C:\xampp\htdocs\console\Console\Accounts\api\bulk_download_zip.php:117
Stack trace:
#0 {main}
  thrown in C:\xampp\htdocs\console\Console\Accounts\api\bulk_download_zip.php on line 117
[22-Apr-2026 19:38:56 Asia/Kolkata] PHP Fatal error:  Uncaught Error: Call to undefined function numberToWords() in C:\xampp\htdocs\console\Console\Accounts\api\bulk_download_zip.php:117
Stack trace:
#0 {main}
  thrown in C:\xampp\htdocs\console\Console\Accounts\api\bulk_download_zip.php on line 117
[22-Apr-2026 19:39:28 Asia/Kolkata] PHP Fatal error:  Uncaught Error: Call to undefined function numberToWords() in C:\xampp\htdocs\console\Console\Accounts\api\bulk_download_zip.php:117
Stack trace:
#0 {main}
  thrown in C:\xampp\htdocs\console\Console\Accounts\api\bulk_download_zip.php on line 117
[22-Apr-2026 19:39:32 Asia/Kolkata] PHP Fatal error:  Uncaught Error: Call to undefined function numberToWords() in C:\xampp\htdocs\console\Console\Accounts\api\bulk_download_zip.php:117
Stack trace:
#0 {main}
  thrown in C:\xampp\htdocs\console\Console\Accounts\api\bulk_download_zip.php on line 117
[22-Apr-2026 19:39:33 Asia/Kolkata] PHP Fatal error:  Uncaught Error: Call to undefined function numberToWords() in C:\xampp\htdocs\console\Console\Accounts\api\bulk_download_zip.php:117
Stack trace:
#0 {main}
  thrown in C:\xampp\htdocs\console\Console\Accounts\api\bulk_download_zip.php on line 117
[22-Apr-2026 19:39:39 Asia/Kolkata] PHP Fatal error:  Uncaught Error: Call to undefined function numberToWords() in C:\xampp\htdocs\console\Console\Accounts\api\bulk_download_zip.php:117
Stack trace:
#0 {main}
  thrown in C:\xampp\htdocs\console\Console\Accounts\api\bulk_download_zip.php on line 117
[22-Apr-2026 19:44:43 Asia/Kolkata] PHP Fatal error:  Maximum execution time of 600 seconds exceeded in C:\xampp\htdocs\console\Console\Accounts\vendor\dompdf\dompdf\lib\Cpdf.php on line 6193
